Using pre-set license
Built from '2021.2/staging' branch; Version is '2021.2.2f1 (5e2b1e92c7f8) revision 6171422'; Using compiler version '192829333'; Build Type 'Release'
OS: 'Windows 10 Pro; OS build 19043.1415; Version 2009; 64bit' Language: 'en' Physical Memory: 8009 MB
BatchMode: 1, IsHumanControllingUs: 0, StartBugReporterOnCrash: 0, Is64bit: 1, IsPro: 0

COMMAND LINE ARGUMENTS:
C:\Program Files\Unity\Hub\Editor\2021.2.2f1\Editor\Unity.exe
-adb2
-batchMode
-noUpm
-name
AssetImportWorker2
-projectPath
C:/Users/Ahmed belhaj/Desktop/holberton_study/holbertonschool-unity/0x06-unity-assets_ui
-logFile
Logs/AssetImportWorker2.log
-srvPort
50528
Successfully changed project path to: C:/Users/Ahmed belhaj/Desktop/holberton_study/holbertonschool-unity/0x06-unity-assets_ui
C:/Users/Ahmed belhaj/Desktop/holberton_study/holbertonschool-unity/0x06-unity-assets_ui
[UnityMemory] Configuration Parameters - Can be set up in boot.config
    "memorysetup-bucket-allocator-granularity=16"
    "memorysetup-bucket-allocator-bucket-count=8"
    "memorysetup-bucket-allocator-block-size=33554432"
    "memorysetup-bucket-allocator-block-count=8"
    "memorysetup-main-allocator-block-size=16777216"
    "memorysetup-thread-allocator-block-size=16777216"
    "memorysetup-gfx-main-allocator-block-size=16777216"
    "memorysetup-gfx-thread-allocator-block-size=16777216"
    "memorysetup-cache-allocator-block-size=4194304"
    "memorysetup-typetree-allocator-block-size=2097152"
    "memorysetup-profiler-bucket-allocator-granularity=16"
    "memorysetup-profiler-bucket-allocator-bucket-count=8"
    "memorysetup-profiler-bucket-allocator-block-size=33554432"
    "memorysetup-profiler-bucket-allocator-block-count=8"
    "memorysetup-profiler-allocator-block-size=16777216"
    "memorysetup-profiler-editor-allocator-block-size=1048576"
    "memorysetup-temp-allocator-size-main=16777216"
    "memorysetup-job-temp-allocator-block-size=2097152"
    "memorysetup-job-temp-allocator-block-size-background=1048576"
    "memorysetup-job-temp-allocator-reduction-small-platforms=262144"
    "memorysetup-temp-allocator-size-background-worker=32768"
    "memorysetup-temp-allocator-size-job-worker=262144"
    "memorysetup-temp-allocator-size-preload-manager=33554432"
    "memorysetup-temp-allocator-size-nav-mesh-worker=65536"
    "memorysetup-temp-allocator-size-audio-worker=65536"
    "memorysetup-temp-allocator-size-cloud-worker=32768"
    "memorysetup-temp-allocator-size-gi-baking-worker=262144"
    "memorysetup-temp-allocator-size-gfx=262144"
Refreshing native plugins compatible for Editor in 27.39 ms, found 2 plugins.
Preloading 0 native plugins for Editor in 0.00 ms.
Initialize engine version: 2021.2.2f1 (5e2b1e92c7f8)
[Subsystems] Discovering subsystems at path C:/Program Files/Unity/Hub/Editor/2021.2.2f1/Editor/Data/Resources/UnitySubsystems
[Subsystems] Discovering subsystems at path C:/Users/Ahmed belhaj/Desktop/holberton_study/holbertonschool-unity/0x06-unity-assets_ui/Assets
GfxDevice: creating device client; threaded=0; jobified=0
Direct3D:
    Version:  Direct3D 11.0 [level 11.1]
    Renderer: NVIDIA GeForce GTX 1650 Ti with Max-Q Design (ID=0x1f95)
    Vendor:   NVIDIA
    VRAM:     3962 MB
    Driver:   30.0.14.9676
Initialize mono
Mono path[0] = 'C:/Program Files/Unity/Hub/Editor/2021.2.2f1/Editor/Data/Managed'
Mono path[1] = 'C:/Program Files/Unity/Hub/Editor/2021.2.2f1/Editor/Data/MonoBleedingEdge/lib/mono/unityjit-win32'
Mono config path = 'C:/Program Files/Unity/Hub/Editor/2021.2.2f1/Editor/Data/MonoBleedingEdge/etc'
Using monoOptions --debugger-agent=transport=dt_socket,embedding=1,server=y,suspend=n,address=127.0.0.1:56220
Begin MonoManager ReloadAssembly
Registering precompiled unity dll's ...
Register platform support module: C:/Program Files/Unity/Hub/Editor/2021.2.2f1/Editor/Data/PlaybackEngines/WebGLSupport/UnityEditor.WebGL.Extensions.dll
Register platform support module: C:/Program Files/Unity/Hub/Editor/2021.2.2f1/Editor/Data/PlaybackEngines/MacStandaloneSupport/UnityEditor.OSXStandalone.Extensions.dll
Register platform support module: C:/Program Files/Unity/Hub/Editor/2021.2.2f1/Editor/Data/PlaybackEngines/WindowsStandaloneSupport/UnityEditor.WindowsStandalone.Extensions.dll
Register platform support module: C:/Program Files/Unity/Hub/Editor/2021.2.2f1/Editor/Data/PlaybackEngines/LinuxStandaloneSupport/UnityEditor.LinuxStandalone.Extensions.dll
Registered in 0.014083 seconds.
Native extension for LinuxStandalone target not found
Native extension for WindowsStandalone target not found
Native extension for OSXStandalone target not found
Native extension for WebGL target not found
Refreshing native plugins compatible for Editor in 26.97 ms, found 2 plugins.
Preloading 0 native plugins for Editor in 0.00 ms.
Mono: successfully reloaded assembly
- Completed reload, in  0.572 seconds
Domain Reload Profiling:
	ReloadAssembly (572ms)
		BeginReloadAssembly (100ms)
			ExecutionOrderSort (0ms)
			DisableScriptedObjects (0ms)
			BackupInstance (0ms)
			ReleaseScriptingObjects (0ms)
			CreateAndSetChildDomain (1ms)
		EndReloadAssembly (388ms)
			LoadAssemblies (100ms)
			RebuildTransferFunctionScriptingTraits (0ms)
			SetupTypeCache (98ms)
			ReleaseScriptCaches (0ms)
			RebuildScriptCaches (27ms)
			SetupLoadedEditorAssemblies (212ms)
				LogAssemblyErrors (0ms)
				InitializePlatformSupportModulesInManaged (22ms)
				SetLoadedEditorAssemblies (0ms)
				RefreshPlugins (27ms)
				BeforeProcessingInitializeOnLoad (1ms)
				ProcessInitializeOnLoadAttributes (116ms)
				ProcessInitializeOnLoadMethodAttributes (45ms)
				AfterProcessingInitializeOnLoad (0ms)
				EditorAssembliesLoaded (0ms)
			ExecutionOrderSort2 (0ms)
			AwakeInstancesAfterBackupRestoration (0ms)
Platform modules already initialized, skipping
Registering precompiled user dll's ...
Registered in 0.003600 seconds.
Begin MonoManager ReloadAssembly
Native extension for LinuxStandalone target not found
Native extension for WindowsStandalone target not found
Native extension for OSXStandalone target not found
Native extension for WebGL target not found
Refreshing native plugins compatible for Editor in 0.38 ms, found 2 plugins.
Preloading 0 native plugins for Editor in 0.00 ms.
Mono: successfully reloaded assembly
- Completed reload, in  0.963 seconds
Domain Reload Profiling:
	ReloadAssembly (964ms)
		BeginReloadAssembly (184ms)
			ExecutionOrderSort (0ms)
			DisableScriptedObjects (10ms)
			BackupInstance (0ms)
			ReleaseScriptingObjects (0ms)
			CreateAndSetChildDomain (21ms)
		EndReloadAssembly (680ms)
			LoadAssemblies (92ms)
			RebuildTransferFunctionScriptingTraits (0ms)
			SetupTypeCache (166ms)
			ReleaseScriptCaches (0ms)
			RebuildScriptCaches (37ms)
			SetupLoadedEditorAssemblies (297ms)
				LogAssemblyErrors (0ms)
				InitializePlatformSupportModulesInManaged (17ms)
				SetLoadedEditorAssemblies (0ms)
				RefreshPlugins (0ms)
				BeforeProcessingInitializeOnLoad (52ms)
				ProcessInitializeOnLoadAttributes (196ms)
				ProcessInitializeOnLoadMethodAttributes (23ms)
				AfterProcessingInitializeOnLoad (8ms)
				EditorAssembliesLoaded (0ms)
			ExecutionOrderSort2 (0ms)
			AwakeInstancesAfterBackupRestoration (7ms)
Platform modules already initialized, skipping
========================================================================
Worker process is ready to serve import requests
Launched and connected shader compiler UnityShaderCompiler.exe after 0.08 seconds
Refreshing native plugins compatible for Editor in 0.36 ms, found 2 plugins.
Preloading 0 native plugins for Editor in 0.00 ms.
Unloading 1564 Unused Serialized files (Serialized files now loaded: 0)
Unloading 19 unused Assets / (57.1 KB). Loaded Objects now: 2043.
Memory consumption went from 84.9 MB to 84.9 MB.
Total: 2.858100 ms (FindLiveObjects: 0.156300 ms CreateObjectMapping: 0.071700 ms MarkObjects: 2.446900 ms  DeleteObjects: 0.182100 ms)

AssetImportParameters requested are different than current active one (requested -> active):
  custom:video-decoder-ogg-theora: a1e56fd34408186e4bbccfd4996cb3dc -> 
  custom:container-muxer-webm: aa71ff27fc2769a1b78a27578f13a17b -> 
  custom:container-demuxer-webm: 4f35f7cbe854078d1ac9338744f61a02 -> 
  custom:video-encoder-webm-vp8: eb34c28f22e8b96e1ab97ce403110664 -> 
  custom:audio-encoder-webm-vorbis: bf7c407c2cedff20999df2af8eb42d56 -> 
  custom:framework-win-MediaFoundation: 216162199b28c13a410421893ffa2e32 -> 
  custom:container-demuxer-ogg: 62fdf1f143b41e24485cea50d1cbac27 -> 
  custom:video-decoder-webm-vp8: 9c59270c3fd7afecdb556c50c9e8de78 -> 
  custom:audio-decoder-ogg-vorbis: bf7c407c2cedff20999df2af8eb42d56 -> 
========================================================================
Received Import Request.
  Time since last request: 694776.702463 seconds.
  path: Assets/Textures/UI/check-toggle.png
  artifactKey: Guid(8b3156c79bbe3524c8239e0ce49a7e40) Importer(815301076,1909f56bfc062723c751e8b465ee728b)
Start importing Assets/Textures/UI/check-toggle.png using Guid(8b3156c79bbe3524c8239e0ce49a7e40) Importer(815301076,1909f56bfc062723c751e8b465ee728b)  -> (artifact id: 'c2d48fcd264ee4b29be029693ce6ce77') in 0.114450 seconds 
========================================================================
Received Import Request.
  Time since last request: 288.770266 seconds.
  path: Assets/Materials
  artifactKey: Guid(f996d63bc651b244b8f7bb6465548ecf) Importer(815301076,1909f56bfc062723c751e8b465ee728b)
Start importing Assets/Materials using Guid(f996d63bc651b244b8f7bb6465548ecf) Importer(815301076,1909f56bfc062723c751e8b465ee728b)  -> (artifact id: '0346ffab7e440b4e835bf03552ddc0be') in 0.006549 seconds 
========================================================================
Received Import Request.
  Time since last request: 0.118583 seconds.
  path: Assets/Materials/FACE.mat
  artifactKey: Guid(e18ccedd87a19854cb2a553340ee9220) Importer(815301076,1909f56bfc062723c751e8b465ee728b)
Start importing Assets/Materials/FACE.mat using Guid(e18ccedd87a19854cb2a553340ee9220) Importer(815301076,1909f56bfc062723c751e8b465ee728b)  -> (artifact id: '0ce8b2471184107dc0b39daff8b9a90d') in 0.157857 seconds 
========================================================================
Received Import Request.
  Time since last request: 6.350006 seconds.
  path: Assets/Scenes/Level01.unity
  artifactKey: Guid(9fc0d4010bbf28b4594072e72b8655ab) Importer(815301076,1909f56bfc062723c751e8b465ee728b)
Start importing Assets/Scenes/Level01.unity using Guid(9fc0d4010bbf28b4594072e72b8655ab) Importer(815301076,1909f56bfc062723c751e8b465ee728b)  -> (artifact id: 'e6dbb03b336c8515e7c85845a0ce43b9') in 0.008001 seconds 
========================================================================
Received Import Request.
  Time since last request: 11.693672 seconds.
  path: Assets/Scenes/MainMenu.unity
  artifactKey: Guid(878199d687f8fad4295e025ab944c0b5) Importer(815301076,1909f56bfc062723c751e8b465ee728b)
Start importing Assets/Scenes/MainMenu.unity using Guid(878199d687f8fad4295e025ab944c0b5) Importer(815301076,1909f56bfc062723c751e8b465ee728b)  -> (artifact id: 'b936a42b11684c5e491abbb09df0e084') in 0.003766 seconds 
========================================================================
Received Import Request.
  Time since last request: 11.218276 seconds.
  path: Assets/Prefabs/PauseCanvas.prefab
  artifactKey: Guid(f5ff6016f20874b49855068d224d8009) Importer(815301076,1909f56bfc062723c751e8b465ee728b)
Start importing Assets/Prefabs/PauseCanvas.prefab using Guid(f5ff6016f20874b49855068d224d8009) Importer(815301076,1909f56bfc062723c751e8b465ee728b)  -> (artifact id: '11f35f2257cec6abce5ff10c06ae8a30') in 0.034785 seconds 
========================================================================
Received Import Request.
  Time since last request: 158.044527 seconds.
  path: Assets/Prefabs/MenuButton.prefab
  artifactKey: Guid(cbd8c898dc890a548acc1b0a3529ee10) Importer(815301076,1909f56bfc062723c751e8b465ee728b)
Start importing Assets/Prefabs/MenuButton.prefab using Guid(cbd8c898dc890a548acc1b0a3529ee10) Importer(815301076,1909f56bfc062723c751e8b465ee728b)  -> (artifact id: '32c386eaffedb7877ee7c98a35b88168') in 0.016105 seconds 
========================================================================
Received Import Request.
  Time since last request: 0.000023 seconds.
  path: Assets/Prefabs/WinCanvas.prefab
  artifactKey: Guid(50b67efc92a427f4b9a10d48201c765a) Importer(815301076,1909f56bfc062723c751e8b465ee728b)
Start importing Assets/Prefabs/WinCanvas.prefab using Guid(50b67efc92a427f4b9a10d48201c765a) Importer(815301076,1909f56bfc062723c751e8b465ee728b)  -> (artifact id: 'e57c25ed5cb903d6c47b4b2ea189926b') in 0.016012 seconds 
========================================================================
Received Import Request.
  Time since last request: 3.338970 seconds.
  path: Assets/Prefabs/MenuButton.prefab
  artifactKey: Guid(cbd8c898dc890a548acc1b0a3529ee10) Importer(815301076,1909f56bfc062723c751e8b465ee728b)
Start importing Assets/Prefabs/MenuButton.prefab using Guid(cbd8c898dc890a548acc1b0a3529ee10) Importer(815301076,1909f56bfc062723c751e8b465ee728b)  -> (artifact id: 'e3213f2f4611644e6ba45132a162eaf3') in 0.006831 seconds 
========================================================================
Received Import Request.
  Time since last request: 0.041724 seconds.
  path: Assets/Prefabs/PauseCanvas.prefab
  artifactKey: Guid(f5ff6016f20874b49855068d224d8009) Importer(815301076,1909f56bfc062723c751e8b465ee728b)
Start importing Assets/Prefabs/PauseCanvas.prefab using Guid(f5ff6016f20874b49855068d224d8009) Importer(815301076,1909f56bfc062723c751e8b465ee728b)  -> (artifact id: '6f69217e4328aee123331b3c35700fb2') in 0.008420 seconds 
========================================================================
Received Import Request.
  Time since last request: 24.072783 seconds.
  path: Assets/Prefabs/WinCanvas.prefab
  artifactKey: Guid(50b67efc92a427f4b9a10d48201c765a) Importer(815301076,1909f56bfc062723c751e8b465ee728b)
Start importing Assets/Prefabs/WinCanvas.prefab using Guid(50b67efc92a427f4b9a10d48201c765a) Importer(815301076,1909f56bfc062723c751e8b465ee728b)  -> (artifact id: '9c7f61bb17ac6b283d9e331c597a8f34') in 0.007608 seconds 
========================================================================
Received Prepare
Registering precompiled user dll's ...
Registered in 0.004607 seconds.
Begin MonoManager ReloadAssembly
Native extension for LinuxStandalone target not found
Native extension for WindowsStandalone target not found
Native extension for OSXStandalone target not found
Native extension for WebGL target not found
Refreshing native plugins compatible for Editor in 0.40 ms, found 2 plugins.
Preloading 0 native plugins for Editor in 0.00 ms.
Mono: successfully reloaded assembly
- Completed reload, in  0.983 seconds
Domain Reload Profiling:
	ReloadAssembly (983ms)
		BeginReloadAssembly (132ms)
			ExecutionOrderSort (0ms)
			DisableScriptedObjects (4ms)
			BackupInstance (0ms)
			ReleaseScriptingObjects (0ms)
			CreateAndSetChildDomain (33ms)
		EndReloadAssembly (751ms)
			LoadAssemblies (82ms)
			RebuildTransferFunctionScriptingTraits (0ms)
			SetupTypeCache (197ms)
			ReleaseScriptCaches (1ms)
			RebuildScriptCaches (41ms)
			SetupLoadedEditorAssemblies (320ms)
				LogAssemblyErrors (0ms)
				InitializePlatformSupportModulesInManaged (19ms)
				SetLoadedEditorAssemblies (0ms)
				RefreshPlugins (0ms)
				BeforeProcessingInitializeOnLoad (51ms)
				ProcessInitializeOnLoadAttributes (214ms)
				ProcessInitializeOnLoadMethodAttributes (27ms)
				AfterProcessingInitializeOnLoad (9ms)
				EditorAssembliesLoaded (0ms)
			ExecutionOrderSort2 (0ms)
			AwakeInstancesAfterBackupRestoration (15ms)
Platform modules already initialized, skipping
Refreshing native plugins compatible for Editor in 0.38 ms, found 2 plugins.
Preloading 0 native plugins for Editor in 0.00 ms.
Unloading 1559 Unused Serialized files (Serialized files now loaded: 0)
Unloading 14 unused Assets / (24.6 KB). Loaded Objects now: 2102.
Memory consumption went from 89.4 MB to 89.4 MB.
Total: 3.197500 ms (FindLiveObjects: 0.179600 ms CreateObjectMapping: 0.077300 ms MarkObjects: 2.920600 ms  DeleteObjects: 0.019000 ms)

AssetImportParameters requested are different than current active one (requested -> active):
  custom:video-decoder-ogg-theora: a1e56fd34408186e4bbccfd4996cb3dc -> 
  custom:container-muxer-webm: aa71ff27fc2769a1b78a27578f13a17b -> 
  custom:container-demuxer-webm: 4f35f7cbe854078d1ac9338744f61a02 -> 
  custom:video-encoder-webm-vp8: eb34c28f22e8b96e1ab97ce403110664 -> 
  custom:audio-encoder-webm-vorbis: bf7c407c2cedff20999df2af8eb42d56 -> 
  custom:framework-win-MediaFoundation: 216162199b28c13a410421893ffa2e32 -> 
  custom:container-demuxer-ogg: 62fdf1f143b41e24485cea50d1cbac27 -> 
  custom:video-decoder-webm-vp8: 9c59270c3fd7afecdb556c50c9e8de78 -> 
  custom:audio-decoder-ogg-vorbis: bf7c407c2cedff20999df2af8eb42d56 -> 
========================================================================
Received Import Request.
  Time since last request: 123.956421 seconds.
  path: Assets/Prefabs/NextButton.prefab
  artifactKey: Guid(7b0a43c76bc07c642b78f9a87406000f) Importer(815301076,1909f56bfc062723c751e8b465ee728b)
Start importing Assets/Prefabs/NextButton.prefab using Guid(7b0a43c76bc07c642b78f9a87406000f) Importer(815301076,1909f56bfc062723c751e8b465ee728b)  -> (artifact id: '53e2228761ea1d633c7c4b217142d1e5') in 0.049370 seconds 
========================================================================
Received Import Request.
  Time since last request: 1.237409 seconds.
  path: Assets/Prefabs/WinCanvas.prefab
  artifactKey: Guid(50b67efc92a427f4b9a10d48201c765a) Importer(815301076,1909f56bfc062723c751e8b465ee728b)
Start importing Assets/Prefabs/WinCanvas.prefab using Guid(50b67efc92a427f4b9a10d48201c765a) Importer(815301076,1909f56bfc062723c751e8b465ee728b)  -> (artifact id: '14b70494319216ab1d6ae2557a3fc242') in 0.009166 seconds 
========================================================================
Received Import Request.
  Time since last request: 2.856970 seconds.
  path: Assets/Prefabs/MenuButton 1.prefab
  artifactKey: Guid(04f07523d73c4b246bd67f1254b0d9ae) Importer(815301076,1909f56bfc062723c751e8b465ee728b)
Start importing Assets/Prefabs/MenuButton 1.prefab using Guid(04f07523d73c4b246bd67f1254b0d9ae) Importer(815301076,1909f56bfc062723c751e8b465ee728b)  -> (artifact id: '946de60ffdf472329455588758e7a544') in 0.009989 seconds 
========================================================================
Received Import Request.
  Time since last request: 0.780353 seconds.
  path: Assets/Prefabs/WinCanvas.prefab
  artifactKey: Guid(50b67efc92a427f4b9a10d48201c765a) Importer(815301076,1909f56bfc062723c751e8b465ee728b)
Start importing Assets/Prefabs/WinCanvas.prefab using Guid(50b67efc92a427f4b9a10d48201c765a) Importer(815301076,1909f56bfc062723c751e8b465ee728b)  -> (artifact id: '063a00910cdecdfa8e90d875ba882b4f') in 0.006186 seconds 
========================================================================
Received Import Request.
  Time since last request: 9.411193 seconds.
  path: Assets/Prefabs/WinCanvas.prefab
  artifactKey: Guid(50b67efc92a427f4b9a10d48201c765a) Importer(815301076,1909f56bfc062723c751e8b465ee728b)
Start importing Assets/Prefabs/WinCanvas.prefab using Guid(50b67efc92a427f4b9a10d48201c765a) Importer(815301076,1909f56bfc062723c751e8b465ee728b)  -> (artifact id: '8b44284aa31a8f13b9cd171ba2fd1787') in 0.008224 seconds 
========================================================================
Received Import Request.
  Time since last request: 18.327219 seconds.
  path: Assets/Prefabs/WinCanvas.prefab
  artifactKey: Guid(50b67efc92a427f4b9a10d48201c765a) Importer(815301076,1909f56bfc062723c751e8b465ee728b)
Start importing Assets/Prefabs/WinCanvas.prefab using Guid(50b67efc92a427f4b9a10d48201c765a) Importer(815301076,1909f56bfc062723c751e8b465ee728b)  -> (artifact id: '74c5f6691e97cf836206f82c820aa080') in 0.007260 seconds 
========================================================================
Received Import Request.
  Time since last request: 24.649233 seconds.
  path: Assets/Prefabs/WinCanvas.prefab
  artifactKey: Guid(50b67efc92a427f4b9a10d48201c765a) Importer(815301076,1909f56bfc062723c751e8b465ee728b)
Start importing Assets/Prefabs/WinCanvas.prefab using Guid(50b67efc92a427f4b9a10d48201c765a) Importer(815301076,1909f56bfc062723c751e8b465ee728b)  -> (artifact id: '63526472b5da48e00a15dbb346fb68b3') in 0.006777 seconds 
